android/app/build/intermediates/manifest_merge_blame_file/debug/manifest-merger-blame-debug-report.txt
1<?xml version="1.0" encoding="utf-8"?>
2<manifest xmlns:android="http://schemas.android.com/apk/res/android"
3    package="com.quixi"
4    android:versionCode="1"
5    android:versionName="1.0" >
6
7    <uses-sdk
8        android:minSdkVersion="21"
9        android:targetSdkVersion="30" />
10
11    <uses-permission android:name="android.permission.SYSTEM_ALERT_WINDOW" />
11-->src/debug/AndroidManifest.xml:5:5-77
11-->src/debug/AndroidManifest.xml:5:22-75
12    <uses-permission android:name="android.permission.INTERNET" />
12-->src/main/AndroidManifest.xml:4:5-67
12-->src/main/AndroidManifest.xml:4:22-64
13    <uses-permission android:name="android.permission.CAMERA" />
13-->src/main/AndroidManifest.xml:5:5-65
13-->src/main/AndroidManifest.xml:5:22-62
14    <uses-permission android:name="android.permission.RECORD_AUDIO" />
14-->src/main/AndroidManifest.xml:6:5-70
14-->src/main/AndroidManifest.xml:6:22-68
15    <uses-permission android:name="android.permission.READ_EXTERNAL_STORAGE" />
15-->src/main/AndroidManifest.xml:7:5-80
15-->src/main/AndroidManifest.xml:7:22-77
16    <uses-permission android:name="android.permission.WRITE_EXTERNAL_STORAGE" />
16-->src/main/AndroidManifest.xml:8:5-81
16-->src/main/AndroidManifest.xml:8:22-78
17    <uses-permission android:name="android.permission.VIBRATE" />
17-->src/main/AndroidManifest.xml:9:5-66
17-->src/main/AndroidManifest.xml:9:22-63
18    <uses-permission android:name="android.permission.RECEIVE_BOOT_COMPLETED" /> <!-- Define ACCESS_FINE_LOCATION if you will use enableHighAccuracy=true -->
18-->src/main/AndroidManifest.xml:10:5-80
18-->src/main/AndroidManifest.xml:10:22-78
19    <uses-permission android:name="android.permission.ACCESS_FINE_LOCATION" /> <!-- Define ACCESS_COARSE_LOCATION if you will use enableHighAccuracy=false -->
19-->src/main/AndroidManifest.xml:12:5-78
19-->src/main/AndroidManifest.xml:12:22-76
20    <uses-permission android:name="android.permission.ACCESS_COARSE_LOCATION" />
20-->src/main/AndroidManifest.xml:15:5-80
20-->src/main/AndroidManifest.xml:15:22-78
21    <uses-permission android:name="android.permission.ACCESS_WIFI_STATE" />
21-->[com.facebook.flipper:flipper:0.99.0] AndroidManifest.xml:16:5-76
21-->[com.facebook.flipper:flipper:0.99.0] AndroidManifest.xml:16:22-73
22    <uses-permission android:name="android.permission.WAKE_LOCK" />
22-->[:react-native-firebase_messaging] AndroidManifest.xml:10:5-68
22-->[:react-native-firebase_messaging] AndroidManifest.xml:10:22-65
23    <uses-permission android:name="android.permission.ACCESS_NETWORK_STATE" /> <!-- Required by older versions of Google Play services to create IID tokens -->
23-->[:react-native-firebase_messaging] AndroidManifest.xml:11:5-79
23-->[:react-native-firebase_messaging] AndroidManifest.xml:11:22-76
24    <uses-permission android:name="com.google.android.c2dm.permission.RECEIVE" />
24-->[com.google.firebase:firebase-messaging:23.0.0] AndroidManifest.xml:25:5-82
24-->[com.google.firebase:firebase-messaging:23.0.0] AndroidManifest.xml:25:22-79
25
26    <uses-feature
26-->[:react-native-camera] AndroidManifest.xml:11:5-13:36
27        android:name="android.hardware.camera"
27-->[:react-native-camera] AndroidManifest.xml:12:9-47
28        android:required="false" />
28-->[:react-native-camera] AndroidManifest.xml:13:9-33
29    <uses-feature
29-->[:react-native-camera] AndroidManifest.xml:14:5-16:36
30        android:name="android.hardware.camera.autofocus"
30-->[:react-native-camera] AndroidManifest.xml:15:9-57
31        android:required="false" />
31-->[:react-native-camera] AndroidManifest.xml:16:9-33
32
33    <uses-permission android:name="android.permission.FOREGROUND_SERVICE" />
33-->[androidx.work:work-runtime:2.5.0] AndroidManifest.xml:28:5-77
33-->[androidx.work:work-runtime:2.5.0] AndroidManifest.xml:28:22-74
34
35    <uses-feature
35-->[com.google.android.gms:play-services-maps:17.0.0] AndroidManifest.xml:26:5-28:35
36        android:glEsVersion="0x00020000"
36-->[com.google.android.gms:play-services-maps:17.0.0] AndroidManifest.xml:27:9-41
37        android:required="true" />
37-->[com.google.android.gms:play-services-maps:17.0.0] AndroidManifest.xml:28:9-32
38
39    <uses-permission android:name="com.google.android.finsky.permission.BIND_GET_INSTALL_REFERRER_SERVICE" /> <!-- Include required permissions for Advertising Id -->
39-->[com.google.android.gms:play-services-measurement:20.0.2] AndroidManifest.xml:26:5-110
39-->[com.google.android.gms:play-services-measurement:20.0.2] AndroidManifest.xml:26:22-107
40    <uses-permission android:name="com.google.android.gms.permission.AD_ID" /> <!-- for android -->
40-->[com.google.android.gms:play-services-ads-identifier:18.0.0] AndroidManifest.xml:23:5-79
40-->[com.google.android.gms:play-services-ads-identifier:18.0.0] AndroidManifest.xml:23:22-76
41    <!-- <uses-permission android:name="com.android.launcher.permission.READ_SETTINGS"/> -->
42    <!-- <uses-permission android:name="com.android.launcher.permission.WRITE_SETTINGS"/> -->
43    <!-- <uses-permission android:name="com.android.launcher.permission.INSTALL_SHORTCUT" /> -->
44    <!-- <uses-permission android:name="com.android.launcher.permission.UNINSTALL_SHORTCUT" /> -->
45    <!-- for Samsung -->
46    <uses-permission android:name="com.sec.android.provider.badge.permission.READ" />
46-->[me.leolin:ShortcutBadger:1.1.22] AndroidManifest.xml:19:5-86
46-->[me.leolin:ShortcutBadger:1.1.22] AndroidManifest.xml:19:22-83
47    <uses-permission android:name="com.sec.android.provider.badge.permission.WRITE" /> <!-- for htc -->
47-->[me.leolin:ShortcutBadger:1.1.22] AndroidManifest.xml:20:5-87
47-->[me.leolin:ShortcutBadger:1.1.22] AndroidManifest.xml:20:22-84
48    <uses-permission android:name="com.htc.launcher.permission.READ_SETTINGS" />
48-->[me.leolin:ShortcutBadger:1.1.22] AndroidManifest.xml:23:5-81
48-->[me.leolin:ShortcutBadger:1.1.22] AndroidManifest.xml:23:22-78
49    <uses-permission android:name="com.htc.launcher.permission.UPDATE_SHORTCUT" /> <!-- for sony -->
49-->[me.leolin:ShortcutBadger:1.1.22] AndroidManifest.xml:24:5-83
49-->[me.leolin:ShortcutBadger:1.1.22] AndroidManifest.xml:24:22-80
50    <uses-permission android:name="com.sonyericsson.home.permission.BROADCAST_BADGE" />
50-->[me.leolin:ShortcutBadger:1.1.22] AndroidManifest.xml:27:5-88
50-->[me.leolin:ShortcutBadger:1.1.22] AndroidManifest.xml:27:22-85
51    <uses-permission android:name="com.sonymobile.home.permission.PROVIDER_INSERT_BADGE" /> <!-- for apex -->
51-->[me.leolin:ShortcutBadger:1.1.22] AndroidManifest.xml:28:5-92
51-->[me.leolin:ShortcutBadger:1.1.22] AndroidManifest.xml:28:22-89
52    <uses-permission android:name="com.anddoes.launcher.permission.UPDATE_COUNT" /> <!-- for solid -->
52-->[me.leolin:ShortcutBadger:1.1.22] AndroidManifest.xml:31:5-84
52-->[me.leolin:ShortcutBadger:1.1.22] AndroidManifest.xml:31:22-81
53    <uses-permission android:name="com.majeur.launcher.permission.UPDATE_BADGE" /> <!-- for huawei -->
53-->[me.leolin:ShortcutBadger:1.1.22] AndroidManifest.xml:34:5-83
53-->[me.leolin:ShortcutBadger:1.1.22] AndroidManifest.xml:34:22-80
54    <uses-permission android:name="com.huawei.android.launcher.permission.CHANGE_BADGE" />
54-->[me.leolin:ShortcutBadger:1.1.22] AndroidManifest.xml:37:5-91
54-->[me.leolin:ShortcutBadger:1.1.22] AndroidManifest.xml:37:22-88
55    <uses-permission android:name="com.huawei.android.launcher.permission.READ_SETTINGS" />
55-->[me.leolin:ShortcutBadger:1.1.22] AndroidManifest.xml:38:5-92
55-->[me.leolin:ShortcutBadger:1.1.22] AndroidManifest.xml:38:22-89
56    <uses-permission android:name="com.huawei.android.launcher.permission.WRITE_SETTINGS" /> <!-- for ZUK -->
56-->[me.leolin:ShortcutBadger:1.1.22] AndroidManifest.xml:39:5-93
56-->[me.leolin:ShortcutBadger:1.1.22] AndroidManifest.xml:39:22-90
57    <uses-permission android:name="android.permission.READ_APP_BADGE" /> <!-- for OPPO -->
57-->[me.leolin:ShortcutBadger:1.1.22] AndroidManifest.xml:42:5-73
57-->[me.leolin:ShortcutBadger:1.1.22] AndroidManifest.xml:42:22-70
58    <uses-permission android:name="com.oppo.launcher.permission.READ_SETTINGS" />
58-->[me.leolin:ShortcutBadger:1.1.22] AndroidManifest.xml:45:5-82
58-->[me.leolin:ShortcutBadger:1.1.22] AndroidManifest.xml:45:22-79
59    <uses-permission android:name="com.oppo.launcher.permission.WRITE_SETTINGS" /> <!-- for EvMe -->
59-->[me.leolin:ShortcutBadger:1.1.22] AndroidManifest.xml:46:5-83
59-->[me.leolin:ShortcutBadger:1.1.22] AndroidManifest.xml:46:22-80
60    <uses-permission android:name="me.everything.badger.permission.BADGE_COUNT_READ" />
60-->[me.leolin:ShortcutBadger:1.1.22] AndroidManifest.xml:49:5-88
60-->[me.leolin:ShortcutBadger:1.1.22] AndroidManifest.xml:49:22-85
61    <uses-permission android:name="me.everything.badger.permission.BADGE_COUNT_WRITE" />
61-->[me.leolin:ShortcutBadger:1.1.22] AndroidManifest.xml:50:5-89
61-->[me.leolin:ShortcutBadger:1.1.22] AndroidManifest.xml:50:22-86
62
63    <application
63-->src/main/AndroidManifest.xml:17:5-62:19
64        android:name="com.quixi.MainApplication"
64-->src/main/AndroidManifest.xml:18:7-38
65        android:allowBackup="false"
65-->src/main/AndroidManifest.xml:22:7-34
66        android:appComponentFactory="androidx.core.app.CoreComponentFactory"
66-->[androidx.core:core:1.6.0] AndroidManifest.xml:24:18-86
67        android:debuggable="true"
68        android:icon="@mipmap/ic_launcher"
68-->src/main/AndroidManifest.xml:20:7-41
69        android:label="@string/app_name"
69-->src/main/AndroidManifest.xml:19:7-39
70        android:roundIcon="@mipmap/ic_launcher_round"
70-->src/main/AndroidManifest.xml:21:7-52
71        android:theme="@style/AppTheme"
71-->src/main/AndroidManifest.xml:23:7-38
72        android:usesCleartextTraffic="true" >
72-->src/debug/AndroidManifest.xml:8:9-44
73        <activity android:name="com.facebook.react.devsupport.DevSettingsActivity" />
73-->src/debug/AndroidManifest.xml:11:9-86
73-->src/debug/AndroidManifest.xml:11:19-83
74        <!-- Change the value to true to enable pop-up for in foreground on receiving remote notifications (for prevent duplicating while showing local notifications set this to false) -->
75        <meta-data
75-->src/main/AndroidManifest.xml:25:9-26:44
76            android:name="com.dieam.reactnativepushnotification.notification_foreground"
76-->src/main/AndroidManifest.xml:25:21-97
77            android:value="false" /> <!-- Change the resource name to your App's accent color - or any other color you want -->
77-->src/main/AndroidManifest.xml:26:21-42
78        <meta-data
78-->src/main/AndroidManifest.xml:28:9-29:54
79            android:name="com.dieam.reactnativepushnotification.notification_color"
79-->src/main/AndroidManifest.xml:28:21-92
80            android:resource="@color/white" /> <!-- or @android:color/{name} to use a standard color -->
80-->src/main/AndroidManifest.xml:29:21-52
81        <receiver android:name="com.dieam.reactnativepushnotification.modules.RNPushNotificationActions" />
81-->src/main/AndroidManifest.xml:31:9-108
81-->src/main/AndroidManifest.xml:31:19-105
82        <receiver android:name="com.dieam.reactnativepushnotification.modules.RNPushNotificationPublisher" />
82-->src/main/AndroidManifest.xml:32:9-110
82-->src/main/AndroidManifest.xml:32:19-107
83        <receiver
83-->src/main/AndroidManifest.xml:33:9-40:20
84            android:name="com.dieam.reactnativepushnotification.modules.RNPushNotificationBootEventReceiver"
84-->src/main/AndroidManifest.xml:33:19-115
85            android:exported="false" >
85-->src/main/AndroidManifest.xml:34:9-33
86            <intent-filter>
86-->src/main/AndroidManifest.xml:35:13-39:29
87                <action android:name="android.intent.action.BOOT_COMPLETED" />
87-->src/main/AndroidManifest.xml:36:17-79
87-->src/main/AndroidManifest.xml:36:25-76
88                <action android:name="android.intent.action.QUICKBOOT_POWERON" />
88-->src/main/AndroidManifest.xml:37:17-82
88-->src/main/AndroidManifest.xml:37:25-79
89                <action android:name="com.htc.intent.action.QUICKBOOT_POWERON" />
89-->src/main/AndroidManifest.xml:38:17-81
89-->src/main/AndroidManifest.xml:38:25-79
90            </intent-filter>
91        </receiver>
92
93        <service
93-->src/main/AndroidManifest.xml:42:9-48:19
94            android:name="com.dieam.reactnativepushnotification.modules.RNPushNotificationListenerService"
94-->src/main/AndroidManifest.xml:43:13-107
95            android:exported="false" >
95-->src/main/AndroidManifest.xml:44:13-37
96            <intent-filter>
96-->src/main/AndroidManifest.xml:45:13-47:29
97                <action android:name="com.google.firebase.MESSAGING_EVENT" />
97-->src/main/AndroidManifest.xml:46:17-78
97-->src/main/AndroidManifest.xml:46:25-75
98            </intent-filter>
99        </service>
100
101        <activity
101-->src/main/AndroidManifest.xml:49:7-61:18
102            android:name="com.quixi.MainActivity"
102-->src/main/AndroidManifest.xml:50:9-37
103            android:configChanges="keyboard|keyboardHidden|orientation|screenSize|uiMode"
103-->src/main/AndroidManifest.xml:52:9-86
104            android:exported="true"
104-->src/main/AndroidManifest.xml:55:9-32
105            android:label="@string/app_name"
105-->src/main/AndroidManifest.xml:51:9-41
106            android:launchMode="singleTask"
106-->src/main/AndroidManifest.xml:53:9-40
107            android:windowSoftInputMode="adjustResize" >
107-->src/main/AndroidManifest.xml:54:9-51
108            <intent-filter>
108-->src/main/AndroidManifest.xml:57:9-60:25
109                <action android:name="android.intent.action.MAIN" />
109-->src/main/AndroidManifest.xml:58:13-65
109-->src/main/AndroidManifest.xml:58:21-62
110
111                <category android:name="android.intent.category.LAUNCHER" />
111-->src/main/AndroidManifest.xml:59:13-73
111-->src/main/AndroidManifest.xml:59:23-70
112            </intent-filter>
113        </activity>
114
115        <service android:name="io.invertase.firebase.messaging.ReactNativeFirebaseMessagingHeadlessService" />
115-->[:react-native-firebase_messaging] AndroidManifest.xml:14:9-111
115-->[:react-native-firebase_messaging] AndroidManifest.xml:14:18-108
116        <service
116-->[:react-native-firebase_messaging] AndroidManifest.xml:15:9-21:19
117            android:name="io.invertase.firebase.messaging.ReactNativeFirebaseMessagingService"
117-->[:react-native-firebase_messaging] AndroidManifest.xml:16:13-95
118            android:exported="false" >
118-->[:react-native-firebase_messaging] AndroidManifest.xml:17:13-37
119            <intent-filter>
119-->src/main/AndroidManifest.xml:45:13-47:29
120                <action android:name="com.google.firebase.MESSAGING_EVENT" />
120-->src/main/AndroidManifest.xml:46:17-78
120-->src/main/AndroidManifest.xml:46:25-75
121            </intent-filter>
122        </service>
123
124        <receiver
124-->[:react-native-firebase_messaging] AndroidManifest.xml:23:9-30:20
125            android:name="io.invertase.firebase.messaging.ReactNativeFirebaseMessagingReceiver"
125-->[:react-native-firebase_messaging] AndroidManifest.xml:24:13-96
126            android:exported="true"
126-->[:react-native-firebase_messaging] AndroidManifest.xml:25:13-36
127            android:permission="com.google.android.c2dm.permission.SEND" >
127-->[:react-native-firebase_messaging] AndroidManifest.xml:26:13-73
128            <intent-filter>
128-->[:react-native-firebase_messaging] AndroidManifest.xml:27:13-29:29
129                <action android:name="com.google.android.c2dm.intent.RECEIVE" />
129-->[:react-native-firebase_messaging] AndroidManifest.xml:28:17-81
129-->[:react-native-firebase_messaging] AndroidManifest.xml:28:25-78
130            </intent-filter>
131        </receiver>
132
133        <meta-data
133-->[:react-native-firebase_messaging] AndroidManifest.xml:32:9-34:36
134            android:name="firebase_messaging_auto_init_enabled"
134-->[:react-native-firebase_messaging] AndroidManifest.xml:33:13-64
135            android:value="true" />
135-->[:react-native-firebase_messaging] AndroidManifest.xml:34:13-33
136        <meta-data
136-->[:react-native-firebase_messaging] AndroidManifest.xml:35:9-37:32
137            android:name="com.google.firebase.messaging.default_notification_channel_id"
137-->[:react-native-firebase_messaging] AndroidManifest.xml:36:13-89
138            android:value="" />
138-->[:react-native-firebase_messaging] AndroidManifest.xml:37:13-29
139        <meta-data
139-->[:react-native-firebase_messaging] AndroidManifest.xml:38:9-40:47
140            android:name="com.google.firebase.messaging.default_notification_color"
140-->[:react-native-firebase_messaging] AndroidManifest.xml:39:13-84
141            android:resource="@color/white" />
141-->[:react-native-firebase_messaging] AndroidManifest.xml:40:13-44
142        <meta-data
142-->[:react-native-firebase_app] AndroidManifest.xml:10:9-12:36
143            android:name="app_data_collection_default_enabled"
143-->[:react-native-firebase_app] AndroidManifest.xml:11:13-63
144            android:value="true" />
144-->[:react-native-firebase_app] AndroidManifest.xml:12:13-33
145
146        <service
146-->[:react-native-firebase_app] AndroidManifest.xml:14:9-18:19
147            android:name="com.google.firebase.components.ComponentDiscoveryService"
147-->[:react-native-firebase_app] AndroidManifest.xml:14:18-89
148            android:directBootAware="true"
148-->[com.google.firebase:firebase-common:20.0.0] AndroidManifest.xml:35:13-43
149            android:exported="false" >
149-->[com.google.firebase:firebase-messaging:23.0.0] AndroidManifest.xml:51:13-37
150            <meta-data
150-->[:react-native-firebase_app] AndroidManifest.xml:15:13-17:85
151                android:name="com.google.firebase.components:io.invertase.firebase.app.ReactNativeFirebaseAppRegistrar"
151-->[:react-native-firebase_app] AndroidManifest.xml:16:17-120
152                android:value="com.google.firebase.components.ComponentRegistrar" />
152-->[:react-native-firebase_app] AndroidManifest.xml:17:17-82
153            <meta-data
153-->[com.google.firebase:firebase-messaging:23.0.0] AndroidManifest.xml:52:13-54:85
154                android:name="com.google.firebase.components:com.google.firebase.messaging.FirebaseMessagingRegistrar"
154-->[com.google.firebase:firebase-messaging:23.0.0] AndroidManifest.xml:53:17-119
155                android:value="com.google.firebase.components.ComponentRegistrar" />
155-->[com.google.firebase:firebase-messaging:23.0.0] AndroidManifest.xml:54:17-82
156            <meta-data
156-->[com.google.firebase:firebase-datatransport:18.0.0] AndroidManifest.xml:28:13-30:85
157                android:name="com.google.firebase.components:com.google.firebase.datatransport.TransportRegistrar"
157-->[com.google.firebase:firebase-datatransport:18.0.0] AndroidManifest.xml:29:17-115
158                android:value="com.google.firebase.components.ComponentRegistrar" />
158-->[com.google.firebase:firebase-datatransport:18.0.0] AndroidManifest.xml:30:17-82
159            <meta-data
159-->[com.google.android.gms:play-services-measurement-api:20.0.2] AndroidManifest.xml:30:13-32:85
160                android:name="com.google.firebase.components:com.google.firebase.analytics.connector.internal.AnalyticsConnectorRegistrar"
160-->[com.google.android.gms:play-services-measurement-api:20.0.2] AndroidManifest.xml:31:17-139
161                android:value="com.google.firebase.components.ComponentRegistrar" />
161-->[com.google.android.gms:play-services-measurement-api:20.0.2] AndroidManifest.xml:32:17-82
162            <meta-data
162-->[com.google.firebase:firebase-installations:17.0.0] AndroidManifest.xml:18:13-20:85
163                android:name="com.google.firebase.components:com.google.firebase.installations.FirebaseInstallationsRegistrar"
163-->[com.google.firebase:firebase-installations:17.0.0] AndroidManifest.xml:19:17-127
164                android:value="com.google.firebase.components.ComponentRegistrar" />
164-->[com.google.firebase:firebase-installations:17.0.0] AndroidManifest.xml:20:17-82
165        </service>
166
167        <provider
167-->[:react-native-firebase_app] AndroidManifest.xml:20:9-24:38
168            android:name="io.invertase.firebase.app.ReactNativeFirebaseAppInitProvider"
168-->[:react-native-firebase_app] AndroidManifest.xml:21:13-88
169            android:authorities="com.quixi.reactnativefirebaseappinitprovider"
169-->[:react-native-firebase_app] AndroidManifest.xml:22:13-86
170            android:exported="false"
170-->[:react-native-firebase_app] AndroidManifest.xml:23:13-37
171            android:initOrder="99" />
171-->[:react-native-firebase_app] AndroidManifest.xml:24:13-35
172
173        <receiver
173-->[com.google.firebase:firebase-messaging:23.0.0] AndroidManifest.xml:28:9-35:20
174            android:name="com.google.firebase.iid.FirebaseInstanceIdReceiver"
174-->[com.google.firebase:firebase-messaging:23.0.0] AndroidManifest.xml:29:13-78
175            android:exported="true"
175-->[com.google.firebase:firebase-messaging:23.0.0] AndroidManifest.xml:30:13-36
176            android:permission="com.google.android.c2dm.permission.SEND" >
176-->[com.google.firebase:firebase-messaging:23.0.0] AndroidManifest.xml:31:13-73
177            <intent-filter>
177-->[:react-native-firebase_messaging] AndroidManifest.xml:27:13-29:29
178                <action android:name="com.google.android.c2dm.intent.RECEIVE" />
178-->[:react-native-firebase_messaging] AndroidManifest.xml:28:17-81
178-->[:react-native-firebase_messaging] AndroidManifest.xml:28:25-78
179            </intent-filter>
180        </receiver>
181        <!--
182             FirebaseMessagingService performs security checks at runtime,
183             but set to not exported to explicitly avoid allowing another app to call it.
184        -->
185        <service
185-->[com.google.firebase:firebase-messaging:23.0.0] AndroidManifest.xml:41:9-48:19
186            android:name="com.google.firebase.messaging.FirebaseMessagingService"
186-->[com.google.firebase:firebase-messaging:23.0.0] AndroidManifest.xml:42:13-82
187            android:directBootAware="true"
187-->[com.google.firebase:firebase-messaging:23.0.0] AndroidManifest.xml:43:13-43
188            android:exported="false" >
188-->[com.google.firebase:firebase-messaging:23.0.0] AndroidManifest.xml:44:13-37
189            <intent-filter android:priority="-500" >
189-->src/main/AndroidManifest.xml:45:13-47:29
190                <action android:name="com.google.firebase.MESSAGING_EVENT" />
190-->src/main/AndroidManifest.xml:46:17-78
190-->src/main/AndroidManifest.xml:46:25-75
191            </intent-filter>
192        </service>
193        <service
193-->[com.google.android.gms:play-services-mlkit-face-detection:16.2.0] AndroidManifest.xml:9:9-15:19
194            android:name="com.google.mlkit.common.internal.MlKitComponentDiscoveryService"
194-->[com.google.android.gms:play-services-mlkit-face-detection:16.2.0] AndroidManifest.xml:10:13-91
195            android:directBootAware="true"
195-->[com.google.mlkit:common:17.2.0] AndroidManifest.xml:17:13-43
196            android:exported="false" >
196-->[com.google.android.gms:play-services-mlkit-face-detection:16.2.0] AndroidManifest.xml:11:13-37
197            <meta-data
197-->[com.google.android.gms:play-services-mlkit-face-detection:16.2.0] AndroidManifest.xml:12:13-14:85
198                android:name="com.google.firebase.components:com.google.mlkit.vision.face.internal.FaceRegistrar"
198-->[com.google.android.gms:play-services-mlkit-face-detection:16.2.0] AndroidManifest.xml:13:17-114
199                android:value="com.google.firebase.components.ComponentRegistrar" />
199-->[com.google.android.gms:play-services-mlkit-face-detection:16.2.0] AndroidManifest.xml:14:17-82
200            <meta-data
200-->[com.google.android.gms:play-services-mlkit-text-recognition:16.3.0] AndroidManifest.xml:12:13-14:85
201                android:name="com.google.firebase.components:com.google.mlkit.vision.text.internal.TextRegistrar"
201-->[com.google.android.gms:play-services-mlkit-text-recognition:16.3.0] AndroidManifest.xml:13:17-114
202                android:value="com.google.firebase.components.ComponentRegistrar" />
202-->[com.google.android.gms:play-services-mlkit-text-recognition:16.3.0] AndroidManifest.xml:14:17-82
203            <meta-data
203-->[com.google.android.gms:play-services-mlkit-barcode-scanning:16.2.0] AndroidManifest.xml:12:13-14:85
204                android:name="com.google.firebase.components:com.google.mlkit.vision.barcode.internal.BarcodeRegistrar"
204-->[com.google.android.gms:play-services-mlkit-barcode-scanning:16.2.0] AndroidManifest.xml:13:17-120
205                android:value="com.google.firebase.components.ComponentRegistrar" />
205-->[com.google.android.gms:play-services-mlkit-barcode-scanning:16.2.0] AndroidManifest.xml:14:17-82
206            <meta-data
206-->[com.google.mlkit:vision-common:16.5.0] AndroidManifest.xml:12:13-14:85
207                android:name="com.google.firebase.components:com.google.mlkit.vision.common.internal.VisionCommonRegistrar"
207-->[com.google.mlkit:vision-common:16.5.0] AndroidManifest.xml:13:17-124
208                android:value="com.google.firebase.components.ComponentRegistrar" />
208-->[com.google.mlkit:vision-common:16.5.0] AndroidManifest.xml:14:17-82
209            <meta-data
209-->[com.google.mlkit:common:17.2.0] AndroidManifest.xml:20:13-22:85
210                android:name="com.google.firebase.components:com.google.mlkit.common.internal.CommonComponentRegistrar"
210-->[com.google.mlkit:common:17.2.0] AndroidManifest.xml:21:17-120
211                android:value="com.google.firebase.components.ComponentRegistrar" />
211-->[com.google.mlkit:common:17.2.0] AndroidManifest.xml:22:17-82
212        </service>
213
214        <provider
214-->[com.google.mlkit:common:17.2.0] AndroidManifest.xml:9:9-13:38
215            android:name="com.google.mlkit.common.internal.MlKitInitProvider"
215-->[com.google.mlkit:common:17.2.0] AndroidManifest.xml:10:13-78
216            android:authorities="com.quixi.mlkitinitprovider"
216-->[com.google.mlkit:common:17.2.0] AndroidManifest.xml:11:13-69
217            android:exported="false"
217-->[com.google.mlkit:common:17.2.0] AndroidManifest.xml:12:13-37
218            android:initOrder="99" />
218-->[com.google.mlkit:common:17.2.0] AndroidManifest.xml:13:13-35
219
220        <service
220-->[com.google.android.datatransport:transport-backend-cct:3.0.0] AndroidManifest.xml:29:9-35:19
221            android:name="com.google.android.datatransport.runtime.backends.TransportBackendDiscovery"
221-->[com.google.android.datatransport:transport-backend-cct:3.0.0] AndroidManifest.xml:30:13-103
222            android:exported="false" >
222-->[com.google.android.datatransport:transport-backend-cct:3.0.0] AndroidManifest.xml:31:13-37
223            <meta-data
223-->[com.google.android.datatransport:transport-backend-cct:3.0.0] AndroidManifest.xml:32:13-34:39
224                android:name="backend:com.google.android.datatransport.cct.CctBackendFactory"
224-->[com.google.android.datatransport:transport-backend-cct:3.0.0] AndroidManifest.xml:33:17-94
225                android:value="cct" />
225-->[com.google.android.datatransport:transport-backend-cct:3.0.0] AndroidManifest.xml:34:17-36
226        </service>
227
228        <provider
228-->[com.google.firebase:firebase-common:20.0.0] AndroidManifest.xml:26:9-31:39
229            android:name="com.google.firebase.provider.FirebaseInitProvider"
229-->[com.google.firebase:firebase-common:20.0.0] AndroidManifest.xml:27:13-77
230            android:authorities="com.quixi.firebaseinitprovider"
230-->[com.google.firebase:firebase-common:20.0.0] AndroidManifest.xml:28:13-72
231            android:directBootAware="true"
231-->[com.google.firebase:firebase-common:20.0.0] AndroidManifest.xml:29:13-43
232            android:exported="false"
232-->[com.google.firebase:firebase-common:20.0.0] AndroidManifest.xml:30:13-37
233            android:initOrder="100" />
233-->[com.google.firebase:firebase-common:20.0.0] AndroidManifest.xml:31:13-36
234        <provider
234-->[androidx.work:work-runtime:2.5.0] AndroidManifest.xml:31:9-37:35
235            android:name="androidx.work.impl.WorkManagerInitializer"
235-->[androidx.work:work-runtime:2.5.0] AndroidManifest.xml:32:13-69
236            android:authorities="com.quixi.workmanager-init"
236-->[androidx.work:work-runtime:2.5.0] AndroidManifest.xml:33:13-68
237            android:directBootAware="false"
237-->[androidx.work:work-runtime:2.5.0] AndroidManifest.xml:34:13-44
238            android:exported="false"
238-->[androidx.work:work-runtime:2.5.0] AndroidManifest.xml:35:13-37
239            android:multiprocess="true" />
239-->[androidx.work:work-runtime:2.5.0] AndroidManifest.xml:36:13-40
240
241        <service
241-->[androidx.work:work-runtime:2.5.0] AndroidManifest.xml:39:9-44:35
242            android:name="androidx.work.impl.background.systemalarm.SystemAlarmService"
242-->[androidx.work:work-runtime:2.5.0] AndroidManifest.xml:40:13-88
243            android:directBootAware="false"
243-->[androidx.work:work-runtime:2.5.0] AndroidManifest.xml:41:13-44
244            android:enabled="@bool/enable_system_alarm_service_default"
244-->[androidx.work:work-runtime:2.5.0] AndroidManifest.xml:42:13-72
245            android:exported="false" />
245-->[androidx.work:work-runtime:2.5.0] AndroidManifest.xml:43:13-37
246        <service
246-->[androidx.work:work-runtime:2.5.0] AndroidManifest.xml:45:9-51:35
247            android:name="androidx.work.impl.background.systemjob.SystemJobService"
247-->[androidx.work:work-runtime:2.5.0] AndroidManifest.xml:46:13-84
248            android:directBootAware="false"
248-->[androidx.work:work-runtime:2.5.0] AndroidManifest.xml:47:13-44